#
# There is insufficient memory for the Java Runtime Environment to continue.
# Native memory allocation (malloc) failed to allocate 1048576 bytes for AllocateHeap
# Possible reasons:
#   The system is out of physical RAM or swap space
#   In 32 bit mode, the process size limit was hit
# Possible solutions:
#   Reduce memory load on the system
#   Increase physical memory or swap space
#   Check if swap backing store is full
#   Use 64 bit Java on a 64 bit OS
#   Decrease Java heap size (-Xmx/-Xms)
#   Decrease number of Java threads
#   Decrease Java thread stack sizes (-Xss)
#   Set larger code cache with -XX:ReservedCodeCacheSize=
# This output file may be truncated or incomplete.
#
#  Out of Memory Error (memory/allocation.inline.hpp:61), pid=16208, tid=16028
#
# JRE version:  (8.0_65-b17) (build )
# Java VM: Java HotSpot(TM) 64-Bit Server VM (25.65-b01 mixed mode windows-amd64 compressed oops)
# Failed to write core dump. Minidumps are not enabled by default on client versions of Windows
#

---------------  T H R E A D  ---------------

Current thread (0x0000000002c40800):  JavaThread "Unknown thread" [_thread_in_vm, id=16028, stack(0x0000000002ad0000,0x0000000002bd0000)]

Stack: [0x0000000002ad0000,0x0000000002bd0000]
[error occurred during error reporting (printing stack bounds), id 0xc0000005]

Native frames: (J=compiled Java code, j=interpreted, Vv=VM code, C=native code)


---------------  P R O C E S S  ---------------

Java Threads: ( => current thread )

Other Threads:

=>0x0000000002c40800 (exited) JavaThread "Unknown thread" [_thread_in_vm, id=16028, stack(0x0000000002ad0000,0x0000000002bd0000)]

VM state:not at safepoint (normal execution)

VM Mutex/Monitor currently owned by a thread: None

Heap:
 PSYoungGen      total 38400K, used 665K [0x00000000eab00000, 0x00000000ed580000, 0x0000000100000000)
  eden space 33280K, 2% used [0x00000000eab00000,0x00000000eaba6670,0x00000000ecb80000)
  from space 5120K, 0% used [0x00000000ed080000,0x00000000ed080000,0x00000000ed580000)
  to   space 5120K, 0% used [0x00000000ecb80000,0x00000000ecb80000,0x00000000ed080000)
 ParOldGen       total 87552K, used 0K [0x00000000c0000000, 0x00000000c5580000, 0x00000000eab00000)
  object space 87552K, 0% used [0x00000000c0000000,0x00000000c0000000,0x00000000c5580000)
 Metaspace       used 767K, capacity 4480K, committed 4480K, reserved 1056768K
  class space    used 75K, capacity 384K, committed 384K, reserved 1048576K

Card table byte_map: [0x0000000012100000,0x0000000012310000] byte_map_base: 0x0000000011b00000

Marking Bits: (ParMarkBitMap*) 0x000000005671a5b0
 Begin Bits: [0x0000000012870000, 0x0000000013870000)
 End Bits:   [0x0000000013870000, 0x0000000014870000)

Polling page: 0x0000000000c30000

CodeCache: size=245760Kb used=328Kb max_used=328Kb free=245431Kb
 bounds [0x0000000002d40000, 0x0000000002fb0000, 0x0000000011d40000]
 total_blobs=57 nmethods=0 adapters=37
 compilation: enabled

Compilation events (0 events):
No events

GC Heap History (0 events):
No events

Deoptimization events (0 events):
No events

Internal exceptions (0 events):
No events

Events (10 events):
Event: 0.117 loading class java/lang/Short
Event: 0.117 loading class java/lang/Short done
Event: 0.117 loading class java/lang/Integer
Event: 0.117 loading class java/lang/Integer done
Event: 0.117 loading class java/lang/Long
Event: 0.118 loading class java/lang/Long done
Event: 0.126 loading class java/lang/NullPointerException
Event: 0.126 loading class java/lang/NullPointerException done
Event: 0.126 loading class java/lang/ArithmeticException
Event: 0.126 loading class java/lang/ArithmeticException done


Dynamic libraries:
0x00007ff612d40000 - 0x00007ff612d77000 	C:\Program Files\Java\jdk1.8.0_65\bin\java.exe
0x00007ffd3db70000 - 0x00007ffd3dd41000 	C:\WINDOWS\SYSTEM32\ntdll.dll
0x00007ffd3c070000 - 0x00007ffd3c11b000 	C:\WINDOWS\System32\KERNEL32.DLL
0x00007ffd3aac0000 - 0x00007ffd3acdd000 	C:\WINDOWS\System32\KERNELBASE.dll
0x00007ffd3d6f0000 - 0x00007ffd3d792000 	C:\WINDOWS\System32\ADVAPI32.dll
0x00007ffd3b440000 - 0x00007ffd3b4de000 	C:\WINDOWS\System32\msvcrt.dll
0x00007ffd3b8a0000 - 0x00007ffd3b8f9000 	C:\WINDOWS\System32\sechost.dll
0x00007ffd3b960000 - 0x00007ffd3ba81000 	C:\WINDOWS\System32\RPCRT4.dll
0x00007ffd3ba90000 - 0x00007ffd3bbf5000 	C:\WINDOWS\System32\USER32.dll
0x00007ffd3ad50000 - 0x00007ffd3ad6e000 	C:\WINDOWS\System32\win32u.dll
0x00007ffd3c030000 - 0x00007ffd3c064000 	C:\WINDOWS\System32\GDI32.dll
0x00007ffd3ad70000 - 0x00007ffd3aef2000 	C:\WINDOWS\System32\gdi32full.dll
0x00007ffd334b0000 - 0x00007ffd33729000 	C:\WINDOWS\WinSxS\amd64_microsoft.windows.common-controls_6595b64144ccf1df_6.0.14393.447_none_42191651c6827bb3\COMCTL32.dll
0x00007ffd3d800000 - 0x00007ffd3dac8000 	C:\WINDOWS\System32\combase.dll
0x00007ffd3a230000 - 0x00007ffd3a325000 	C:\WINDOWS\System32\ucrtbase.dll
0x00007ffd3ace0000 - 0x00007ffd3ad4a000 	C:\WINDOWS\System32\bcryptPrimitives.dll
0x00007ffd3db40000 - 0x00007ffd3db6e000 	C:\WINDOWS\System32\IMM32.DLL
0x0000000055a50000 - 0x0000000055b22000 	C:\Program Files\Java\jdk1.8.0_65\jre\bin\msvcr100.dll
0x0000000055f10000 - 0x0000000056799000 	C:\Program Files\Java\jdk1.8.0_65\jre\bin\server\jvm.dll
0x00007ffd3dad0000 - 0x00007ffd3dad8000 	C:\WINDOWS\System32\PSAPI.DLL
0x00007ffd2bf50000 - 0x00007ffd2bf59000 	C:\WINDOWS\SYSTEM32\WSOCK32.dll
0x00007ffd3b620000 - 0x00007ffd3b68a000 	C:\WINDOWS\System32\WS2_32.dll
0x00007ffd37b60000 - 0x00007ffd37b83000 	C:\WINDOWS\SYSTEM32\WINMM.dll
0x00007ffd337e0000 - 0x00007ffd337ea000 	C:\WINDOWS\SYSTEM32\VERSION.dll
0x00007ffd37b00000 - 0x00007ffd37b2b000 	C:\WINDOWS\SYSTEM32\WINMMBASE.dll
0x00007ffd3af00000 - 0x00007ffd3af42000 	C:\WINDOWS\System32\cfgmgr32.dll
0x0000000055f00000 - 0x0000000055f0f000 	C:\Program Files\Java\jdk1.8.0_65\jre\bin\verify.dll
0x0000000055ed0000 - 0x0000000055ef9000 	C:\Program Files\Java\jdk1.8.0_65\jre\bin\java.dll
0x0000000055eb0000 - 0x0000000055ec6000 	C:\Program Files\Java\jdk1.8.0_65\jre\bin\zip.dll

VM Arguments:
jvm_args: -Djava.awt.headless=true -Xmx1024M -Dfile.encoding=GBK -Duser.country=CN -Duser.language=zh -Duser.variant 
java_command: com.android.dx.command.Main --dex --force-jumbo --num-threads=4 --multi-dex --output C:\Users\admin\AndroidStudioProjects\MyMap\app\build\intermediates\transforms\dex\debug\folders\1000\5\slice_3 C:\Users\admin\AndroidStudioProjects\MyMap\app\build\intermediates\transforms\instantRunSlicer\debug\folders\1\5\slice_3
java_class_path (initial): C:\Users\admin\AppData\Local\Android\sdk\build-tools\24.0.2\lib\dx.jar
Launcher Type: SUN_STANDARD

Environment Variables:
JAVA_HOME=C:\Program Files\Java\jdk1.8.0_65
CLASSPATH=.;C:\Program Files\Java\jdk1.8.0_65\lib\tools.jar;C:\Program Files\Java\jdk1.8.0_65\jre\lib\rt.jar;
PATH=C:\ProgramData\Oracle\Java\javapath;C:\Program Files\Java\jdk1.8.0_65\bin;C:\Program Files\Java\jdk1.8.0_65\jre\bin;C:\WINDOWS\system32;C:\WINDOWS;C:\WINDOWS\system32\wbem;C:\WINDOWS\System32\Wbem;C:\WINDOWS\System32\WindowsPowerShell\v1.0\;C:\Program Files\Git\cmd;C:\Program Files\Java\jdk1.8.0_65\bin;%USERPROFILE%\AppData\Local\Microsoft\WindowsApps;
USERNAME=admin
OS=Windows_NT
PROCESSOR_IDENTIFIER=Intel64 Family 6 Model 60 Stepping 3, GenuineIntel



---------------  S Y S T E M  ---------------

OS: Windows 10.0 , 64 bit Build 14393 (10.0.14393.0)

CPU:total 4 (2 cores per cpu, 2 threads per core) family 6 model 60 stepping 3, cmov, cx8, fxsr, mmx, sse, sse2, sse3, ssse3, sse4.1, sse4.2, popcnt, avx, avx2, aes, clmul, erms, lzcnt, ht, tsc, tscinvbit, bmi1, bmi2

Memory: 4k page, physical 8275012k(1014004k free), swap 8275012k(5816k free)

vm_info: Java HotSpot(TM) 64-Bit Server VM (25.65-b01) for windows-amd64 JRE (1.8.0_65-b17), built on Oct  6 2015 16:39:20 by "java_re" with MS VC++ 10.0 (VS2010)

time: Mon Dec 26 11:12:13 2016
elapsed time: 0 seconds (0d 0h 0m 0s)

