#
# There is insufficient memory for the Java Runtime Environment to continue.
# Native memory allocation (malloc) failed to allocate 1906576 bytes for Chunk::new
# Possible reasons:
#   The system is out of physical RAM or swap space
#   In 32 bit mode, the process size limit was hit
# Possible solutions:
#   Reduce memory load on the system
#   Increase physical memory or swap space
#   Check if swap backing store is full
#   Use 64 bit Java on a 64 bit OS
#   Decrease Java heap size (-Xmx/-Xms)
#   Decrease number of Java threads
#   Decrease Java thread stack sizes (-Xss)
#   Set larger code cache with -XX:ReservedCodeCacheSize=
# This output file may be truncated or incomplete.
#
#  Out of Memory Error (allocation.cpp:390), pid=16220, tid=15496
#
# JRE version: Java(TM) SE Runtime Environment (8.0_65-b17) (build 1.8.0_65-b17)
# Java VM: Java HotSpot(TM) 64-Bit Server VM (25.65-b01 mixed mode windows-amd64 compressed oops)
# Failed to write core dump. Minidumps are not enabled by default on client versions of Windows
#

---------------  T H R E A D  ---------------

Current thread (0x000000001568e000):  JavaThread "C2 CompilerThread0" daemon [_thread_in_native, id=15496, stack(0x0000000016c40000,0x0000000016d40000)]

Stack: [0x0000000016c40000,0x0000000016d40000]
[error occurred during error reporting (printing stack bounds), id 0xc0000005]

Native frames: (J=compiled Java code, j=interpreted, Vv=VM code, C=native code)


Current CompileTask:
C2:   7380 1973   !   4       com.android.dx.cf.code.BytecodeArray::parseInstruction (2764 bytes)


---------------  P R O C E S S  ---------------

Java Threads: ( => current thread )
  0x0000000016fa1800 JavaThread "pool-1-thread-1" [_thread_in_Java, id=9180, stack(0x0000000019210000,0x0000000019310000)]
  0x0000000016da0800 JavaThread "Service Thread" daemon [_thread_blocked, id=796, stack(0x0000000017340000,0x0000000017440000)]
  0x0000000016d99000 JavaThread "C1 CompilerThread2" daemon [_thread_blocked, id=1888, stack(0x0000000017240000,0x0000000017340000)]
  0x0000000016d8e000 JavaThread "C2 CompilerThread1" daemon [_thread_in_native, id=15456, stack(0x0000000017140000,0x0000000017240000)]
=>0x000000001568e000 JavaThread "C2 CompilerThread0" daemon [_thread_in_native, id=15496, stack(0x0000000016c40000,0x0000000016d40000)]
  0x000000001568c000 JavaThread "Attach Listener" daemon [_thread_blocked, id=16380, stack(0x0000000016b40000,0x0000000016c40000)]
  0x00000000156d9000 JavaThread "Signal Dispatcher" daemon [_thread_blocked, id=15072, stack(0x0000000016a40000,0x0000000016b40000)]
  0x0000000002fa0000 JavaThread "Finalizer" daemon [_thread_blocked, id=12656, stack(0x00000000168e0000,0x00000000169e0000)]
  0x0000000002f9d000 JavaThread "Reference Handler" daemon [_thread_blocked, id=8316, stack(0x00000000167e0000,0x00000000168e0000)]
  0x0000000002eb0800 JavaThread "main" [_thread_blocked, id=15096, stack(0x0000000002c40000,0x0000000002d40000)]

Other Threads:
  0x0000000015648000 VMThread [stack: 0x00000000166e0000,0x00000000167e0000] [id=14756]
  0x0000000016e03800 WatcherThread [stack: 0x0000000017440000,0x0000000017540000] [id=16276]

VM state:not at safepoint (normal execution)

VM Mutex/Monitor currently owned by a thread: None

Heap:
 PSYoungGen      total 138240K, used 37040K [0x00000000eab00000, 0x00000000f3700000, 0x0000000100000000)
  eden space 133120K, 23% used [0x00000000eab00000,0x00000000eca30088,0x00000000f2d00000)
  from space 5120K, 99% used [0x00000000f2d00000,0x00000000f31fc2f8,0x00000000f3200000)
  to   space 5120K, 0% used [0x00000000f3200000,0x00000000f3200000,0x00000000f3700000)
 ParOldGen       total 87552K, used 43986K [0x00000000c0000000, 0x00000000c5580000, 0x00000000eab00000)
  object space 87552K, 50% used [0x00000000c0000000,0x00000000c2af4918,0x00000000c5580000)
 Metaspace       used 6587K, capacity 7256K, committed 7424K, reserved 1056768K
  class space    used 626K, capacity 656K, committed 768K, reserved 1048576K

Card table byte_map: [0x0000000012370000,0x0000000012580000] byte_map_base: 0x0000000011d70000

Marking Bits: (ParMarkBitMap*) 0x000000005671a5b0
 Begin Bits: [0x0000000012ae0000, 0x0000000013ae0000)
 End Bits:   [0x0000000013ae0000, 0x0000000014ae0000)

Polling page: 0x0000000001180000

CodeCache: size=245760Kb used=8323Kb max_used=8323Kb free=237436Kb
 bounds [0x0000000002fb0000, 0x00000000037e0000, 0x0000000011fb0000]
 total_blobs=2267 nmethods=1996 adapters=183
 compilation: enabled

Compilation events (10 events):
Event: 7.212 Thread 0x0000000016d99000 2048       2       java.util.HashMap$KeySet::iterator (12 bytes)
Event: 7.212 Thread 0x0000000016d99000 nmethod 2048 0x00000000037cd110 code [0x00000000037cd280, 0x00000000037cd468]
Event: 7.212 Thread 0x0000000016d99000 2049       2       java.util.HashMap$KeyIterator::<init> (11 bytes)
Event: 7.212 Thread 0x0000000016d99000 nmethod 2049 0x00000000037cd510 code [0x00000000037cd680, 0x00000000037cd808]
Event: 7.213 Thread 0x0000000016d99000 2050       3       com.android.dx.dex.code.OutputFinisher::getAllConstants (47 bytes)
Event: 7.214 Thread 0x0000000016d99000 nmethod 2050 0x00000000037cd890 code [0x00000000037cdac0, 0x00000000037ce408]
Event: 7.231 Thread 0x0000000016d99000 2051 %     3       com.android.dx.dex.code.StdCatchBuilder::hasAnyCatches @ 15 (57 bytes)
Event: 7.232 Thread 0x0000000016d99000 nmethod 2051% 0x00000000037ce950 code [0x00000000037ceb40, 0x00000000037cf8b8]
Event: 7.232 Thread 0x0000000016d99000 2052 %     3       java.util.HashMap$HashIterator::<init> @ 48 (79 bytes)
Event: 7.233 Thread 0x0000000016d99000 nmethod 2052% 0x00000000037cfe50 code [0x00000000037cffc0, 0x00000000037d0390]

GC Heap History (10 events):
Event: 2.644 GC heap before
{Heap before GC invocations=1 (full 0):
 PSYoungGen      total 38400K, used 33280K [0x00000000eab00000, 0x00000000ed580000, 0x0000000100000000)
  eden space 33280K, 100% used [0x00000000eab00000,0x00000000ecb80000,0x00000000ecb80000)
  from space 5120K, 0% used [0x00000000ed080000,0x00000000ed080000,0x00000000ed580000)
  to   space 5120K, 0% used [0x00000000ecb80000,0x00000000ecb80000,0x00000000ed080000)
 ParOldGen       total 87552K, used 0K [0x00000000c0000000, 0x00000000c5580000, 0x00000000eab00000)
  object space 87552K, 0% used [0x00000000c0000000,0x00000000c0000000,0x00000000c5580000)
 Metaspace       used 5847K, capacity 6772K, committed 7040K, reserved 1056768K
  class space    used 594K, capacity 620K, committed 640K, reserved 1048576K
Event: 2.683 GC heap after
Heap after GC invocations=1 (full 0):
 PSYoungGen      total 38400K, used 5118K [0x00000000eab00000, 0x00000000ef600000, 0x0000000100000000)
  eden space 33280K, 0% used [0x00000000eab00000,0x00000000eab00000,0x00000000ecb80000)
  from space 5120K, 99% used [0x00000000ecb80000,0x00000000ed07f818,0x00000000ed080000)
  to   space 5120K, 0% used [0x00000000ef100000,0x00000000ef100000,0x00000000ef600000)
 ParOldGen       total 87552K, used 1421K [0x00000000c0000000, 0x00000000c5580000, 0x00000000eab00000)
  object space 87552K, 1% used [0x00000000c0000000,0x00000000c0163620,0x00000000c5580000)
 Metaspace       used 5847K, capacity 6772K, committed 7040K, reserved 1056768K
  class space    used 594K, capacity 620K, committed 640K, reserved 1048576K
}
Event: 3.372 GC heap before
{Heap before GC invocations=2 (full 0):
 PSYoungGen      total 38400K, used 38398K [0x00000000eab00000, 0x00000000ef600000, 0x0000000100000000)
  eden space 33280K, 100% used [0x00000000eab00000,0x00000000ecb80000,0x00000000ecb80000)
  from space 5120K, 99% used [0x00000000ecb80000,0x00000000ed07f818,0x00000000ed080000)
  to   space 5120K, 0% used [0x00000000ef100000,0x00000000ef100000,0x00000000ef600000)
 ParOldGen       total 87552K, used 1421K [0x00000000c0000000, 0x00000000c5580000, 0x00000000eab00000)
  object space 87552K, 1% used [0x00000000c0000000,0x00000000c0163620,0x00000000c5580000)
 Metaspace       used 6152K, capacity 7030K, committed 7296K, reserved 1056768K
  class space    used 599K, capacity 622K, committed 640K, reserved 1048576K
Event: 3.412 GC heap after
Heap after GC invocations=2 (full 0):
 PSYoungGen      total 71680K, used 5097K [0x00000000eab00000, 0x00000000ef600000, 0x0000000100000000)
  eden space 66560K, 0% used [0x00000000eab00000,0x00000000eab00000,0x00000000eec00000)
  from space 5120K, 99% used [0x00000000ef100000,0x00000000ef5fa5a0,0x00000000ef600000)
  to   space 5120K, 0% used [0x00000000eec00000,0x00000000eec00000,0x00000000ef100000)
 ParOldGen       total 87552K, used 5594K [0x00000000c0000000, 0x00000000c5580000, 0x00000000eab00000)
  object space 87552K, 6% used [0x00000000c0000000,0x00000000c0576868,0x00000000c5580000)
 Metaspace       used 6152K, capacity 7030K, committed 7296K, reserved 1056768K
  class space    used 599K, capacity 622K, committed 640K, reserved 1048576K
}
Event: 4.210 GC heap before
{Heap before GC invocations=3 (full 0):
 PSYoungGen      total 71680K, used 71657K [0x00000000eab00000, 0x00000000ef600000, 0x0000000100000000)
  eden space 66560K, 100% used [0x00000000eab00000,0x00000000eec00000,0x00000000eec00000)
  from space 5120K, 99% used [0x00000000ef100000,0x00000000ef5fa5a0,0x00000000ef600000)
  to   space 5120K, 0% used [0x00000000eec00000,0x00000000eec00000,0x00000000ef100000)
 ParOldGen       total 87552K, used 5594K [0x00000000c0000000, 0x00000000c5580000, 0x00000000eab00000)
  object space 87552K, 6% used [0x00000000c0000000,0x00000000c0576868,0x00000000c5580000)
 Metaspace       used 6348K, capacity 7128K, committed 7424K, reserved 1056768K
  class space    used 619K, capacity 656K, committed 768K, reserved 1048576K
Event: 4.273 GC heap after
Heap after GC invocations=3 (full 0):
 PSYoungGen      total 71680K, used 5108K [0x00000000eab00000, 0x00000000f3700000, 0x0000000100000000)
  eden space 66560K, 0% used [0x00000000eab00000,0x00000000eab00000,0x00000000eec00000)
  from space 5120K, 99% used [0x00000000eec00000,0x00000000ef0fd2b8,0x00000000ef100000)
  to   space 5120K, 0% used [0x00000000f3200000,0x00000000f3200000,0x00000000f3700000)
 ParOldGen       total 87552K, used 14878K [0x00000000c0000000, 0x00000000c5580000, 0x00000000eab00000)
  object space 87552K, 16% used [0x00000000c0000000,0x00000000c0e87af0,0x00000000c5580000)
 Metaspace       used 6348K, capacity 7128K, committed 7424K, reserved 1056768K
  class space    used 619K, capacity 656K, committed 768K, reserved 1048576K
}
Event: 5.102 GC heap before
{Heap before GC invocations=4 (full 0):
 PSYoungGen      total 71680K, used 71668K [0x00000000eab00000, 0x00000000f3700000, 0x0000000100000000)
  eden space 66560K, 100% used [0x00000000eab00000,0x00000000eec00000,0x00000000eec00000)
  from space 5120K, 99% used [0x00000000eec00000,0x00000000ef0fd2b8,0x00000000ef100000)
  to   space 5120K, 0% used [0x00000000f3200000,0x00000000f3200000,0x00000000f3700000)
 ParOldGen       total 87552K, used 14878K [0x00000000c0000000, 0x00000000c5580000, 0x00000000eab00000)
  object space 87552K, 16% used [0x00000000c0000000,0x00000000c0e87af0,0x00000000c5580000)
 Metaspace       used 6438K, capacity 7192K, committed 7424K, reserved 1056768K
  class space    used 619K, capacity 656K, committed 768K, reserved 1048576K
Event: 5.137 GC heap after
Heap after GC invocations=4 (full 0):
 PSYoungGen      total 138240K, used 5108K [0x00000000eab00000, 0x00000000f3700000, 0x0000000100000000)
  eden space 133120K, 0% used [0x00000000eab00000,0x00000000eab00000,0x00000000f2d00000)
  from space 5120K, 99% used [0x00000000f3200000,0x00000000f36fd2a8,0x00000000f3700000)
  to   space 5120K, 0% used [0x00000000f2d00000,0x00000000f2d00000,0x00000000f3200000)
 ParOldGen       total 87552K, used 24617K [0x00000000c0000000, 0x00000000c5580000, 0x00000000eab00000)
  object space 87552K, 28% used [0x00000000c0000000,0x00000000c180a668,0x00000000c5580000)
 Metaspace       used 6438K, capacity 7192K, committed 7424K, reserved 1056768K
  class space    used 619K, capacity 656K, committed 768K, reserved 1048576K
}
Event: 6.619 GC heap before
{Heap before GC invocations=5 (full 0):
 PSYoungGen      total 138240K, used 138228K [0x00000000eab00000, 0x00000000f3700000, 0x0000000100000000)
  eden space 133120K, 100% used [0x00000000eab00000,0x00000000f2d00000,0x00000000f2d00000)
  from space 5120K, 99% used [0x00000000f3200000,0x00000000f36fd2a8,0x00000000f3700000)
  to   space 5120K, 0% used [0x00000000f2d00000,0x00000000f2d00000,0x00000000f3200000)
 ParOldGen       total 87552K, used 24617K [0x00000000c0000000, 0x00000000c5580000, 0x00000000eab00000)
  object space 87552K, 28% used [0x00000000c0000000,0x00000000c180a668,0x00000000c5580000)
 Metaspace       used 6492K, capacity 7192K, committed 7424K, reserved 1056768K
  class space    used 619K, capacity 656K, committed 768K, reserved 1048576K
Event: 6.733 GC heap after
Heap after GC invocations=5 (full 0):
 PSYoungGen      total 138240K, used 5104K [0x00000000eab00000, 0x00000000f3700000, 0x0000000100000000)
  eden space 133120K, 0% used [0x00000000eab00000,0x00000000eab00000,0x00000000f2d00000)
  from space 5120K, 99% used [0x00000000f2d00000,0x00000000f31fc2f8,0x00000000f3200000)
  to   space 5120K, 0% used [0x00000000f3200000,0x00000000f3200000,0x00000000f3700000)
 ParOldGen       total 87552K, used 43986K [0x00000000c0000000, 0x00000000c5580000, 0x00000000eab00000)
  object space 87552K, 50% used [0x00000000c0000000,0x00000000c2af4918,0x00000000c5580000)
 Metaspace       used 6492K, capacity 7192K, committed 7424K, reserved 1056768K
  class space    used 619K, capacity 656K, committed 768K, reserved 1048576K
}

Deoptimization events (10 events):
Event: 5.537 Thread 0x0000000016fa1800 Uncommon trap: reason=bimorphic action=maybe_recompile pc=0x000000000368b714 method=com.android.dx.cf.code.BytecodeArray.parseInstruction(ILcom/android/dx/cf/code/BytecodeArray$Visitor;)I @ 2484
Event: 5.538 Thread 0x0000000016fa1800 Uncommon trap: reason=bimorphic action=maybe_recompile pc=0x000000000368b714 method=com.android.dx.cf.code.BytecodeArray.parseInstruction(ILcom/android/dx/cf/code/BytecodeArray$Visitor;)I @ 2484
Event: 5.736 Thread 0x0000000016fdc000 Uncommon trap: reason=unstable_if action=reinterpret pc=0x0000000003639878 method=java.util.HashMap.putVal(ILjava/lang/Object;Ljava/lang/Object;ZZ)Ljava/lang/Object; @ 109
Event: 6.815 Thread 0x0000000016fdc000 Uncommon trap: reason=class_check action=maybe_recompile pc=0x0000000003785a2c method=com.android.dx.cf.code.BytecodeArray.parseInstruction(ILcom/android/dx/cf/code/BytecodeArray$Visitor;)I @ 1003
Event: 6.816 Thread 0x0000000016fdc000 Uncommon trap: reason=class_check action=maybe_recompile pc=0x0000000003785a2c method=com.android.dx.cf.code.BytecodeArray.parseInstruction(ILcom/android/dx/cf/code/BytecodeArray$Visitor;)I @ 1003
Event: 7.123 Thread 0x0000000016fa1800 Uncommon trap: reason=class_check action=maybe_recompile pc=0x0000000003539888 method=java.util.Arrays.hashCode([Ljava/lang/Object;)I @ 43
Event: 7.123 Thread 0x0000000016fa1800 Uncommon trap: reason=class_check action=maybe_recompile pc=0x0000000003539888 method=java.util.Arrays.hashCode([Ljava/lang/Object;)I @ 43
Event: 7.123 Thread 0x0000000016fa1800 Uncommon trap: reason=class_check action=maybe_recompile pc=0x0000000003539888 method=java.util.Arrays.hashCode([Ljava/lang/Object;)I @ 43
Event: 7.123 Thread 0x0000000016fa1800 Uncommon trap: reason=class_check action=maybe_recompile pc=0x0000000003539888 method=java.util.Arrays.hashCode([Ljava/lang/Object;)I @ 43
Event: 7.123 Thread 0x0000000016fa1800 Uncommon trap: reason=class_check action=maybe_recompile pc=0x0000000003535ff4 method=java.util.Arrays.hashCode([Ljava/lang/Object;)I @ 43

Internal exceptions (5 events):
Event: 0.118 Thread 0x0000000002eb0800 Exception <a 'java/lang/NoSuchMethodError': Method sun.misc.Unsafe.defineClass(Ljava/lang/String;[BII)Ljava/lang/Class; name or signature does not match> (0x00000000eab13070) thrown at [C:\workspace\8-2-build-windows-amd64-cygwin\jdk8u65\4987\hotspot\src\sutMÏ‘5¾?
Event: 0.118 Thread 0x0000000002eb0800 Exception <a 'java/lang/NoSuchMethodError': Method sun.misc.Unsafe.prefetchRead(Ljava/lang/Object;J)V name or signature does not match> (0x00000000eab13358) thrown at [C:\workspace\8-2-build-windows-amd64-cygwin\jdk8u65\4987\hotspot\src\share\vm\prims\jni.È·cÕ´@
Event: 3.713 Thread 0x0000000016fa1800 Exception <a 'java/lang/ArrayIndexOutOfBoundsException': 18> (0x00000000ec65c1c0) thrown at [C:\workspace\8-2-build-windows-amd64-cygwin\jdk8u65\4987\hotspot\src\share\vm\interpreter\interpreterRuntime.cpp, line 366]
Event: 3.714 Thread 0x0000000016fa1800 Exception <a 'java/lang/ArrayIndexOutOfBoundsException': 145> (0x00000000ec65dd40) thrown at [C:\workspace\8-2-build-windows-amd64-cygwin\jdk8u65\4987\hotspot\src\share\vm\interpreter\interpreterRuntime.cpp, line 366]
Event: 3.716 Thread 0x0000000016fa1800 Exception <a 'java/lang/ArrayIndexOutOfBoundsException'> (0x00000000ec65f028) thrown at [C:\workspace\8-2-build-windows-amd64-cygwin\jdk8u65\4987\hotspot\src\share\vm\runtime\sharedRuntime.cpp, line 605]

Events (10 events):
Event: 7.123 Thread 0x0000000016fa1800 DEOPT UNPACKING pc=0x0000000002ff582a sp=0x000000001930ed40 mode 2
Event: 7.123 Thread 0x0000000016fa1800 Uncommon trap: trap_request=0xffffffde fr.pc=0x0000000003535ff4
Event: 7.123 Thread 0x0000000016fa1800 DEOPT PACKING pc=0x0000000003535ff4 sp=0x000000001930eaa0
Event: 7.123 Thread 0x0000000016fa1800 DEOPT UNPACKING pc=0x0000000002ff582a sp=0x000000001930ea28 mode 2
Event: 7.130 loading class com/android/dx/rop/cst/Zeroes
Event: 7.130 loading class com/android/dx/rop/cst/Zeroes done
Event: 7.170 loading class com/android/dx/dex/file/CatchStructs
Event: 7.170 loading class com/android/dx/dex/file/CatchStructs done
Event: 7.214 Thread 0x0000000016fa1800 DEOPT PACKING pc=0x00000000037c7bd4 sp=0x000000001930ef00
Event: 7.214 Thread 0x0000000016fa1800 DEOPT UNPACKING pc=0x0000000002ff787f sp=0x000000001930ec90 mode 0


Dynamic libraries:
0x00007ff612d40000 - 0x00007ff612d77000 	C:\Program Files\Java\jdk1.8.0_65\bin\java.exe
0x00007ffd3db70000 - 0x00007ffd3dd41000 	C:\WINDOWS\SYSTEM32\ntdll.dll
0x00007ffd3c070000 - 0x00007ffd3c11b000 	C:\WINDOWS\System32\KERNEL32.DLL
0x00007ffd3aac0000 - 0x00007ffd3acdd000 	C:\WINDOWS\System32\KERNELBASE.dll
0x00007ffd3d6f0000 - 0x00007ffd3d792000 	C:\WINDOWS\System32\ADVAPI32.dll
0x00007ffd3b440000 - 0x00007ffd3b4de000 	C:\WINDOWS\System32\msvcrt.dll
0x00007ffd3b8a0000 - 0x00007ffd3b8f9000 	C:\WINDOWS\System32\sechost.dll
0x00007ffd3b960000 - 0x00007ffd3ba81000 	C:\WINDOWS\System32\RPCRT4.dll
0x00007ffd3ba90000 - 0x00007ffd3bbf5000 	C:\WINDOWS\System32\USER32.dll
0x00007ffd3ad50000 - 0x00007ffd3ad6e000 	C:\WINDOWS\System32\win32u.dll
0x00007ffd3c030000 - 0x00007ffd3c064000 	C:\WINDOWS\System32\GDI32.dll
0x00007ffd3ad70000 - 0x00007ffd3aef2000 	C:\WINDOWS\System32\gdi32full.dll
0x00007ffd334b0000 - 0x00007ffd33729000 	C:\WINDOWS\WinSxS\amd64_microsoft.windows.common-controls_6595b64144ccf1df_6.0.14393.447_none_42191651c6827bb3\COMCTL32.dll
0x00007ffd3d800000 - 0x00007ffd3dac8000 	C:\WINDOWS\System32\combase.dll
0x00007ffd3a230000 - 0x00007ffd3a325000 	C:\WINDOWS\System32\ucrtbase.dll
0x00007ffd3ace0000 - 0x00007ffd3ad4a000 	C:\WINDOWS\System32\bcryptPrimitives.dll
0x00007ffd3db40000 - 0x00007ffd3db6e000 	C:\WINDOWS\System32\IMM32.DLL
0x0000000055a50000 - 0x0000000055b22000 	C:\Program Files\Java\jdk1.8.0_65\jre\bin\msvcr100.dll
0x0000000055f10000 - 0x0000000056799000 	C:\Program Files\Java\jdk1.8.0_65\jre\bin\server\jvm.dll
0x00007ffd3dad0000 - 0x00007ffd3dad8000 	C:\WINDOWS\System32\PSAPI.DLL
0x00007ffd2bf50000 - 0x00007ffd2bf59000 	C:\WINDOWS\SYSTEM32\WSOCK32.dll
0x00007ffd3b620000 - 0x00007ffd3b68a000 	C:\WINDOWS\System32\WS2_32.dll
0x00007ffd37b60000 - 0x00007ffd37b83000 	C:\WINDOWS\SYSTEM32\WINMM.dll
0x00007ffd337e0000 - 0x00007ffd337ea000 	C:\WINDOWS\SYSTEM32\VERSION.dll
0x00007ffd37b00000 - 0x00007ffd37b2b000 	C:\WINDOWS\SYSTEM32\WINMMBASE.dll
0x00007ffd3af00000 - 0x00007ffd3af42000 	C:\WINDOWS\System32\cfgmgr32.dll
0x0000000055f00000 - 0x0000000055f0f000 	C:\Program Files\Java\jdk1.8.0_65\jre\bin\verify.dll
0x0000000055ed0000 - 0x0000000055ef9000 	C:\Program Files\Java\jdk1.8.0_65\jre\bin\java.dll
0x0000000055eb0000 - 0x0000000055ec6000 	C:\Program Files\Java\jdk1.8.0_65\jre\bin\zip.dll
0x00007ffd3c1e0000 - 0x00007ffd3d6e9000 	C:\WINDOWS\System32\SHELL32.dll
0x00007ffd3a330000 - 0x00007ffd3aa0a000 	C:\WINDOWS\System32\windows.storage.dll
0x00007ffd39fe0000 - 0x00007ffd3a02c000 	C:\WINDOWS\System32\powrprof.dll
0x00007ffd3d7a0000 - 0x00007ffd3d7f2000 	C:\WINDOWS\System32\shlwapi.dll
0x00007ffd39fd0000 - 0x00007ffd39fdf000 	C:\WINDOWS\System32\kernel.appcore.dll
0x00007ffd3aff0000 - 0x00007ffd3b099000 	C:\WINDOWS\System32\shcore.dll
0x00007ffd3a040000 - 0x00007ffd3a054000 	C:\WINDOWS\System32\profapi.dll

VM Arguments:
jvm_args: -Djava.awt.headless=true -Xmx1024M -Dfile.encoding=GBK -Duser.country=CN -Duser.language=zh -Duser.variant 
java_command: com.android.dx.command.Main --dex --force-jumbo --num-threads=4 --multi-dex --output C:\Users\admin\AndroidStudioProjects\MyMap\app\build\intermediates\transforms\dex\debug\folders\1000\2\BaiduLBS_Android_afb57eda6e7e9d126436cd042143253e7eb0d9ad C:\Users\admin\AndroidStudioProjects\MyMap\app\libs\BaiduLBS_Android.jar
java_class_path (initial): C:\Users\admin\AppData\Local\Android\sdk\build-tools\24.0.2\lib\dx.jar
Launcher Type: SUN_STANDARD

Environment Variables:
JAVA_HOME=C:\Program Files\Java\jdk1.8.0_65
CLASSPATH=.;C:\Program Files\Java\jdk1.8.0_65\lib\tools.jar;C:\Program Files\Java\jdk1.8.0_65\jre\lib\rt.jar;
PATH=C:\ProgramData\Oracle\Java\javapath;C:\Program Files\Java\jdk1.8.0_65\bin;C:\Program Files\Java\jdk1.8.0_65\jre\bin;C:\WINDOWS\system32;C:\WINDOWS;C:\WINDOWS\system32\wbem;C:\WINDOWS\System32\Wbem;C:\WINDOWS\System32\WindowsPowerShell\v1.0\;C:\Program Files\Git\cmd;C:\Program Files\Java\jdk1.8.0_65\bin;%USERPROFILE%\AppData\Local\Microsoft\WindowsApps;
USERNAME=admin
OS=Windows_NT
PROCESSOR_IDENTIFIER=Intel64 Family 6 Model 60 Stepping 3, GenuineIntel



---------------  S Y S T E M  ---------------

OS: Windows 10.0 , 64 bit Build 14393 (10.0.14393.0)

CPU:total 4 (2 cores per cpu, 2 threads per core) family 6 model 60 stepping 3, cmov, cx8, fxsr, mmx, sse, sse2, sse3, ssse3, sse4.1, sse4.2, popcnt, avx, avx2, aes, clmul, erms, lzcnt, ht, tsc, tscinvbit, bmi1, bmi2

Memory: 4k page, physical 8275012k(800296k free), swap 8275012k(5280k free)

vm_info: Java HotSpot(TM) 64-Bit Server VM (25.65-b01) for windows-amd64 JRE (1.8.0_65-b17), built on Oct  6 2015 16:39:20 by "java_re" with MS VC++ 10.0 (VS2010)

time: Mon Dec 26 11:12:22 2016
elapsed time: 7 seconds (0d 0h 0m 7s)

