#
# There is insufficient memory for the Java Runtime Environment to continue.
# Native memory allocation (malloc) failed to allocate 272656 bytes for Chunk::new
# Possible reasons:
#   The system is out of physical RAM or swap space
#   In 32 bit mode, the process size limit was hit
# Possible solutions:
#   Reduce memory load on the system
#   Increase physical memory or swap space
#   Check if swap backing store is full
#   Use 64 bit Java on a 64 bit OS
#   Decrease Java heap size (-Xmx/-Xms)
#   Decrease number of Java threads
#   Decrease Java thread stack sizes (-Xss)
#   Set larger code cache with -XX:ReservedCodeCacheSize=
# This output file may be truncated or incomplete.
#
#  Out of Memory Error (allocation.cpp:390), pid=16364, tid=14616
#
# JRE version: Java(TM) SE Runtime Environment (8.0_65-b17) (build 1.8.0_65-b17)
# Java VM: Java HotSpot(TM) 64-Bit Server VM (25.65-b01 mixed mode windows-amd64 compressed oops)
# Failed to write core dump. Minidumps are not enabled by default on client versions of Windows
#

---------------  T H R E A D  ---------------

Current thread (0x00000000156cb000):  JavaThread "C2 CompilerThread1" daemon [_thread_in_native, id=14616, stack(0x0000000016cd0000,0x0000000016dd0000)]

Stack: [0x0000000016cd0000,0x0000000016dd0000]
[error occurred during error reporting (printing stack bounds), id 0xc0000005]

Native frames: (J=compiled Java code, j=interpreted, Vv=VM code, C=native code)


Current CompileTask:
C2:   1858 1053   !   4       com.android.dx.cf.code.BytecodeArray::parseInstruction (2764 bytes)


---------------  P R O C E S S  ---------------

Java Threads: ( => current thread )
  0x0000000017058800 JavaThread "pool-2-thread-4" [_thread_in_Java, id=15392, stack(0x00000000178d0000,0x00000000179d0000)]
  0x0000000017057000 JavaThread "pool-2-thread-3" [_thread_in_Java, id=14648, stack(0x00000000177d0000,0x00000000178d0000)]
  0x0000000016f7a800 JavaThread "pool-2-thread-2" [_thread_in_Java, id=14600, stack(0x00000000176d0000,0x00000000177d0000)]
  0x0000000016f20800 JavaThread "pool-3-thread-1" [_thread_blocked, id=15552, stack(0x00000000175d0000,0x00000000176d0000)]
  0x0000000016f0c800 JavaThread "pool-2-thread-1" [_thread_in_Java, id=15504, stack(0x00000000174d0000,0x00000000175d0000)]
  0x0000000016e2a800 JavaThread "Service Thread" daemon [_thread_blocked, id=6068, stack(0x00000000172d0000,0x00000000173d0000)]
  0x0000000016e25000 JavaThread "C1 CompilerThread2" daemon [_thread_in_native, id=9204, stack(0x00000000171d0000,0x00000000172d0000)]
=>0x00000000156cb000 JavaThread "C2 CompilerThread1" daemon [_thread_in_native, id=14616, stack(0x0000000016cd0000,0x0000000016dd0000)]
  0x00000000156c8000 JavaThread "C2 CompilerThread0" daemon [_thread_in_native, id=15560, stack(0x0000000016bd0000,0x0000000016cd0000)]
  0x000000001567c800 JavaThread "Attach Listener" daemon [_thread_blocked, id=15524, stack(0x0000000016ad0000,0x0000000016bd0000)]
  0x000000001567b800 JavaThread "Signal Dispatcher" daemon [_thread_blocked, id=15452, stack(0x00000000169d0000,0x0000000016ad0000)]
  0x0000000002f90800 JavaThread "Finalizer" daemon [_thread_blocked, id=15036, stack(0x00000000168d0000,0x00000000169d0000)]
  0x0000000002f8d000 JavaThread "Reference Handler" daemon [_thread_blocked, id=11336, stack(0x00000000167d0000,0x00000000168d0000)]
  0x0000000002ea0800 JavaThread "main" [_thread_blocked, id=1132, stack(0x0000000002970000,0x0000000002a70000)]

Other Threads:
  0x0000000015638000 VMThread [stack: 0x00000000166d0000,0x00000000167d0000] [id=6388]
  0x0000000016e47000 WatcherThread [stack: 0x00000000173d0000,0x00000000174d0000] [id=15328]

VM state:not at safepoint (normal execution)

VM Mutex/Monitor currently owned by a thread:  ([mutex/lock_event])
[0x0000000002afb820] CodeCache_lock - owner thread: 0x0000000016e25000
[0x0000000002afdd00] Compile_lock - owner thread: 0x0000000000000000

Heap:
 PSYoungGen      total 38400K, used 32227K [0x00000000eab00000, 0x00000000ed580000, 0x0000000100000000)
  eden space 33280K, 96% used [0x00000000eab00000,0x00000000eca78f18,0x00000000ecb80000)
  from space 5120K, 0% used [0x00000000ed080000,0x00000000ed080000,0x00000000ed580000)
  to   space 5120K, 0% used [0x00000000ecb80000,0x00000000ecb80000,0x00000000ed080000)
 ParOldGen       total 87552K, used 0K [0x00000000c0000000, 0x00000000c5580000, 0x00000000eab00000)
  object space 87552K, 0% used [0x00000000c0000000,0x00000000c0000000,0x00000000c5580000)
 Metaspace       used 5751K, capacity 6832K, committed 7040K, reserved 1056768K
  class space    used 581K, capacity 616K, committed 640K, reserved 1048576K

Card table byte_map: [0x0000000012360000,0x0000000012570000] byte_map_base: 0x0000000011d60000

Marking Bits: (ParMarkBitMap*) 0x000000005671a5b0
 Begin Bits: [0x0000000012ad0000, 0x0000000013ad0000)
 End Bits:   [0x0000000013ad0000, 0x0000000014ad0000)

Polling page: 0x0000000000d30000

CodeCache: size=245760Kb used=4590Kb max_used=4590Kb free=241169Kb
 bounds [0x0000000002fa0000, 0x0000000003430000, 0x0000000011fa0000]
 total_blobs=1396 nmethods=1132 adapters=177
 compilation: enabled

Compilation events (10 events):
Event: 1.798 Thread 0x00000000156c8000 1118       4       com.android.dx.cf.code.BaseMachine::storeResults (90 bytes)
Event: 1.804 Thread 0x0000000016e25000 1120       3       com.android.dx.cf.code.ConcreteMethod::getEffectiveDescriptor (10 bytes)
Event: 1.804 Thread 0x0000000016e25000 nmethod 1120 0x000000000340c6d0 code [0x000000000340c840, 0x000000000340ca68]
Event: 1.818 Thread 0x00000000156c8000 nmethod 1118 0x0000000003411cd0 code [0x0000000003411ec0, 0x00000000034129a0]
Event: 1.818 Thread 0x00000000156c8000 1119       4       com.android.dx.cf.code.RopperMachine::getSources (264 bytes)
Event: 1.845 Thread 0x00000000156c8000 nmethod 1119 0x0000000003413950 code [0x0000000003413b40, 0x00000000034145d8]
Event: 1.845 Thread 0x00000000156c8000 1121       4       com.android.dx.ssa.SsaBasicBlock::forEachPhiInsn (54 bytes)
Event: 1.846 Thread 0x0000000016e25000 1123       3       com.android.dx.cf.code.BaseMachine::popArgs (137 bytes)
Event: 1.847 Thread 0x0000000016e25000 nmethod 1123 0x000000000340f1d0 code [0x000000000340f540, 0x0000000003410f48]
Event: 1.847 Thread 0x0000000016e25000 1124       3       com.android.dx.ssa.SsaBasicBlock::addMoveToEnd (172 bytes)

GC Heap History (0 events):
No events

Deoptimization events (3 events):
Event: 1.022 Thread 0x0000000002ea0800 Uncommon trap: reason=unstable_if action=reinterpret pc=0x00000000031b47dc method=java.util.HashMap.getNode(ILjava/lang/Object;)Ljava/util/HashMap$Node; @ 129
Event: 1.311 Thread 0x0000000017058800 Uncommon trap: reason=null_check action=make_not_entrant pc=0x000000000326f5b0 method=com.android.dx.ssa.SsaRenamer.getLocalForNewReg(I)Lcom/android/dx/rop/code/LocalItem; @ 19
Event: 1.311 Thread 0x0000000017058800 Uncommon trap: reason=null_check action=make_not_entrant pc=0x0000000003261e2c method=com.android.dx.ssa.SsaRenamer.getLocalForNewReg(I)Lcom/android/dx/rop/code/LocalItem; @ 19

Internal exceptions (4 events):
Event: 0.116 Thread 0x0000000002ea0800 Exception <a 'java/lang/NoSuchMethodError': Method sun.misc.Unsafe.defineClass(Ljava/lang/String;[BII)Ljava/lang/Class; name or signature does not match> (0x00000000eab13070) thrown at [C:\workspace\8-2-build-windows-amd64-cygwin\jdk8u65\4987\hotspot\src\sh	êx¥Ω?
Event: 0.116 Thread 0x0000000002ea0800 Exception <a 'java/lang/NoSuchMethodError': Method sun.misc.Unsafe.prefetchRead(Ljava/lang/Object;J)V name or signature does not match> (0x00000000eab13358) thrown at [C:\workspace\8-2-build-windows-amd64-cygwin\jdk8u65\4987\hotspot\src\share\vm\prims\jni.O˘+«◊˙Ù?
Event: 1.311 Thread 0x0000000017058800 Implicit null exception at 0x000000000326e273 to 0x000000000326f569
Event: 1.311 Thread 0x0000000017058800 Implicit null exception at 0x00000000032607dc to 0x0000000003261e11

Events (10 events):
Event: 1.663 Thread 0x0000000017057000 DEOPT PACKING pc=0x00000000031f39a2 sp=0x00000000178ce3f0
Event: 1.663 Thread 0x0000000017057000 DEOPT UNPACKING pc=0x0000000002fe787f sp=0x00000000178ce158 mode 0
Event: 1.664 Thread 0x0000000017057000 DEOPT PACKING pc=0x00000000031f39a2 sp=0x00000000178ce3f0
Event: 1.664 Thread 0x0000000017057000 DEOPT UNPACKING pc=0x0000000002fe787f sp=0x00000000178ce158 mode 0
Event: 1.665 Thread 0x0000000017057000 DEOPT PACKING pc=0x00000000031f39a2 sp=0x00000000178ce3f0
Event: 1.665 Thread 0x0000000017057000 DEOPT UNPACKING pc=0x0000000002fe787f sp=0x00000000178ce158 mode 0
Event: 1.666 Thread 0x0000000017057000 DEOPT PACKING pc=0x00000000031f39a2 sp=0x00000000178ce3f0
Event: 1.666 Thread 0x0000000017057000 DEOPT UNPACKING pc=0x0000000002fe787f sp=0x00000000178ce158 mode 0
Event: 1.680 Thread 0x0000000016f7a800 DEOPT PACKING pc=0x000000000320444a sp=0x00000000177cebe0
Event: 1.680 Thread 0x0000000016f7a800 DEOPT UNPACKING pc=0x0000000002fe787f sp=0x00000000177ce948 mode 0


Dynamic libraries:
0x00007ff612d40000 - 0x00007ff612d77000 	C:\Program Files\Java\jdk1.8.0_65\bin\java.exe
0x00007ffd3db70000 - 0x00007ffd3dd41000 	C:\WINDOWS\SYSTEM32\ntdll.dll
0x00007ffd3c070000 - 0x00007ffd3c11b000 	C:\WINDOWS\System32\KERNEL32.DLL
0x00007ffd3aac0000 - 0x00007ffd3acdd000 	C:\WINDOWS\System32\KERNELBASE.dll
0x00007ffd3d6f0000 - 0x00007ffd3d792000 	C:\WINDOWS\System32\ADVAPI32.dll
0x00007ffd3b440000 - 0x00007ffd3b4de000 	C:\WINDOWS\System32\msvcrt.dll
0x00007ffd3b8a0000 - 0x00007ffd3b8f9000 	C:\WINDOWS\System32\sechost.dll
0x00007ffd3b960000 - 0x00007ffd3ba81000 	C:\WINDOWS\System32\RPCRT4.dll
0x00007ffd3ba90000 - 0x00007ffd3bbf5000 	C:\WINDOWS\System32\USER32.dll
0x00007ffd3ad50000 - 0x00007ffd3ad6e000 	C:\WINDOWS\System32\win32u.dll
0x00007ffd3c030000 - 0x00007ffd3c064000 	C:\WINDOWS\System32\GDI32.dll
0x00007ffd3ad70000 - 0x00007ffd3aef2000 	C:\WINDOWS\System32\gdi32full.dll
0x00007ffd334b0000 - 0x00007ffd33729000 	C:\WINDOWS\WinSxS\amd64_microsoft.windows.common-controls_6595b64144ccf1df_6.0.14393.447_none_42191651c6827bb3\COMCTL32.dll
0x00007ffd3d800000 - 0x00007ffd3dac8000 	C:\WINDOWS\System32\combase.dll
0x00007ffd3a230000 - 0x00007ffd3a325000 	C:\WINDOWS\System32\ucrtbase.dll
0x00007ffd3ace0000 - 0x00007ffd3ad4a000 	C:\WINDOWS\System32\bcryptPrimitives.dll
0x00007ffd3db40000 - 0x00007ffd3db6e000 	C:\WINDOWS\System32\IMM32.DLL
0x0000000055a50000 - 0x0000000055b22000 	C:\Program Files\Java\jdk1.8.0_65\jre\bin\msvcr100.dll
0x0000000055f10000 - 0x0000000056799000 	C:\Program Files\Java\jdk1.8.0_65\jre\bin\server\jvm.dll
0x00007ffd3dad0000 - 0x00007ffd3dad8000 	C:\WINDOWS\System32\PSAPI.DLL
0x00007ffd37b60000 - 0x00007ffd37b83000 	C:\WINDOWS\SYSTEM32\WINMM.dll
0x00007ffd2bf50000 - 0x00007ffd2bf59000 	C:\WINDOWS\SYSTEM32\WSOCK32.dll
0x00007ffd337e0000 - 0x00007ffd337ea000 	C:\WINDOWS\SYSTEM32\VERSION.dll
0x00007ffd37b00000 - 0x00007ffd37b2b000 	C:\WINDOWS\SYSTEM32\WINMMBASE.dll
0x00007ffd3af00000 - 0x00007ffd3af42000 	C:\WINDOWS\System32\cfgmgr32.dll
0x00007ffd3b620000 - 0x00007ffd3b68a000 	C:\WINDOWS\System32\WS2_32.dll
0x0000000055f00000 - 0x0000000055f0f000 	C:\Program Files\Java\jdk1.8.0_65\jre\bin\verify.dll
0x0000000055ed0000 - 0x0000000055ef9000 	C:\Program Files\Java\jdk1.8.0_65\jre\bin\java.dll
0x0000000055eb0000 - 0x0000000055ec6000 	C:\Program Files\Java\jdk1.8.0_65\jre\bin\zip.dll
0x00007ffd3c1e0000 - 0x00007ffd3d6e9000 	C:\WINDOWS\System32\SHELL32.dll
0x00007ffd3a330000 - 0x00007ffd3aa0a000 	C:\WINDOWS\System32\windows.storage.dll
0x00007ffd39fe0000 - 0x00007ffd3a02c000 	C:\WINDOWS\System32\powrprof.dll
0x00007ffd3d7a0000 - 0x00007ffd3d7f2000 	C:\WINDOWS\System32\shlwapi.dll
0x00007ffd39fd0000 - 0x00007ffd39fdf000 	C:\WINDOWS\System32\kernel.appcore.dll
0x00007ffd3aff0000 - 0x00007ffd3b099000 	C:\WINDOWS\System32\shcore.dll
0x00007ffd3a040000 - 0x00007ffd3a054000 	C:\WINDOWS\System32\profapi.dll

VM Arguments:
jvm_args: -Djava.awt.headless=true -Xmx1024M -Dfile.encoding=GBK -Duser.country=CN -Duser.language=zh -Duser.variant 
java_command: com.android.dx.command.Main --dex --force-jumbo --num-threads=4 --multi-dex --output C:\Users\admin\AndroidStudioProjects\MyMap\app\build\intermediates\transforms\dex\debug\folders\1000\5\slice_8 C:\Users\admin\AndroidStudioProjects\MyMap\app\build\intermediates\transforms\instantRunSlicer\debug\folders\1\5\slice_8
java_class_path (initial): C:\Users\admin\AppData\Local\Android\sdk\build-tools\24.0.2\lib\dx.jar
Launcher Type: SUN_STANDARD

Environment Variables:
JAVA_HOME=C:\Program Files\Java\jdk1.8.0_65
CLASSPATH=.;C:\Program Files\Java\jdk1.8.0_65\lib\tools.jar;C:\Program Files\Java\jdk1.8.0_65\jre\lib\rt.jar;
PATH=C:\ProgramData\Oracle\Java\javapath;C:\Program Files\Java\jdk1.8.0_65\bin;C:\Program Files\Java\jdk1.8.0_65\jre\bin;C:\WINDOWS\system32;C:\WINDOWS;C:\WINDOWS\system32\wbem;C:\WINDOWS\System32\Wbem;C:\WINDOWS\System32\WindowsPowerShell\v1.0\;C:\Program Files\Git\cmd;C:\Program Files\Java\jdk1.8.0_65\bin;%USERPROFILE%\AppData\Local\Microsoft\WindowsApps;
USERNAME=admin
OS=Windows_NT
PROCESSOR_IDENTIFIER=Intel64 Family 6 Model 60 Stepping 3, GenuineIntel



---------------  S Y S T E M  ---------------

OS: Windows 10.0 , 64 bit Build 14393 (10.0.14393.0)

CPU:total 4 (2 cores per cpu, 2 threads per core) family 6 model 60 stepping 3, cmov, cx8, fxsr, mmx, sse, sse2, sse3, ssse3, sse4.1, sse4.2, popcnt, avx, avx2, aes, clmul, erms, lzcnt, ht, tsc, tscinvbit, bmi1, bmi2

Memory: 4k page, physical 8275012k(1010476k free), swap 8275012k(5152k free)

vm_info: Java HotSpot(TM) 64-Bit Server VM (25.65-b01) for windows-amd64 JRE (1.8.0_65-b17), built on Oct  6 2015 16:39:20 by "java_re" with MS VC++ 10.0 (VS2010)

time: Mon Dec 26 11:09:51 2016
elapsed time: 1 seconds (0d 0h 0m 1s)

